# JRE version: Java(TM) SE Runtime Environment (8.0_101-b13) (build 1.8.0_101-b13)
# Java VM: Java HotSpot(TM) 64-Bit Server VM (25.101-b13 mixed mode windows-amd64 compressed oops)
Heap:
 PSYoungGen      total 113664K, used 68836K [0x00000000eb580000, 0x00000000f8280000, 0x0000000100000000)
  eden space 36864K, 68% used [0x00000000eb580000,0x00000000ece15c58,0x00000000ed980000)
  from space 76800K, 56% used [0x00000000f2a80000,0x00000000f5523430,0x00000000f7580000)
  to   space 82944K, 0% used [0x00000000ed980000,0x00000000ed980000,0x00000000f2a80000)
 ParOldGen       total 286720K, used 166554K [0x00000000c2000000, 0x00000000d3800000, 0x00000000eb580000)
  object space 286720K, 58% used [0x00000000c2000000,0x00000000cc2a69e8,0x00000000d3800000)
 Metaspace       used 27651K, capacity 29384K, committed 29696K, reserved 1075200K
  class space    used 3745K, capacity 4042K, committed 4096K, reserved 1048576K
GC Heap History (10 events):
Event: 44.881 GC heap before
{Heap before GC invocations=16 (full 3):
 PSYoungGen      total 65536K, used 34272K [0x00000000eb580000, 0x00000000f3e80000, 0x0000000100000000)
  eden space 31232K, 0% used [0x00000000eb580000,0x00000000eb580000,0x00000000ed400000)
  from space 34304K, 99% used [0x00000000ed400000,0x00000000ef578270,0x00000000ef580000)
  to   space 47104K, 0% used [0x00000000f1080000,0x00000000f1080000,0x00000000f3e80000)
 ParOldGen       total 85504K, used 76521K [0x00000000c2000000, 0x00000000c7380000, 0x00000000eb580000)
  object space 85504K, 89% used [0x00000000c2000000,0x00000000c6aba6e8,0x00000000c7380000)
 Metaspace       used 27651K, capacity 29384K, committed 29696K, reserved 1075200K
  class space    used 3745K, capacity 4042K, committed 4096K, reserved 1048576K
Event: 45.280 GC heap after
Heap after GC invocations=16 (full 3):
 PSYoungGen      total 65536K, used 22973K [0x00000000eb580000, 0x00000000f3e80000, 0x0000000100000000)
  eden space 31232K, 0% used [0x00000000eb580000,0x00000000eb580000,0x00000000ed400000)
  from space 34304K, 66% used [0x00000000ed400000,0x00000000eea6f778,0x00000000ef580000)
  to   space 47104K, 0% used [0x00000000f1080000,0x00000000f1080000,0x00000000f3e80000)
 ParOldGen       total 166912K, used 85426K [0x00000000c2000000, 0x00000000cc300000, 0x00000000eb580000)
  object space 166912K, 51% used [0x00000000c2000000,0x00000000c736c838,0x00000000cc300000)
 Metaspace       used 27651K, capacity 29384K, committed 29696K, reserved 1075200K
  class space    used 3745K, capacity 4042K, committed 4096K, reserved 1048576K
}
Event: 46.153 GC heap before
{Heap before GC invocations=17 (full 3):
 PSYoungGen      total 65536K, used 54205K [0x00000000eb580000, 0x00000000f3e80000, 0x0000000100000000)
  eden space 31232K, 100% used [0x00000000eb580000,0x00000000ed400000,0x00000000ed400000)
  from space 34304K, 66% used [0x00000000ed400000,0x00000000eea6f778,0x00000000ef580000)
  to   space 47104K, 0% used [0x00000000f1080000,0x00000000f1080000,0x00000000f3e80000)
 ParOldGen       total 166912K, used 85426K [0x00000000c2000000, 0x00000000cc300000, 0x00000000eb580000)
  object space 166912K, 51% used [0x00000000c2000000,0x00000000c736c838,0x00000000cc300000)
 Metaspace       used 27651K, capacity 29384K, committed 29696K, reserved 1075200K
  class space    used 3745K, capacity 4042K, committed 4096K, reserved 1048576K
Event: 46.241 GC heap after
Heap after GC invocations=17 (full 3):
 PSYoungGen      total 82432K, used 47104K [0x00000000eb580000, 0x00000000f4c00000, 0x0000000100000000)
  eden space 35328K, 0% used [0x00000000eb580000,0x00000000eb580000,0x00000000ed800000)
  from space 47104K, 100% used [0x00000000f1080000,0x00000000f3e80000,0x00000000f3e80000)
  to   space 57856K, 0% used [0x00000000ed800000,0x00000000ed800000,0x00000000f1080000)
 ParOldGen       total 166912K, used 92674K [0x00000000c2000000, 0x00000000cc300000, 0x00000000eb580000)
  object space 166912K, 55% used [0x00000000c2000000,0x00000000c7a80838,0x00000000cc300000)
 Metaspace       used 27651K, capacity 29384K, committed 29696K, reserved 1075200K
  class space    used 3745K, capacity 4042K, committed 4096K, reserved 1048576K
}
Event: 50.123 GC heap before
{Heap before GC invocations=18 (full 3):
 PSYoungGen      total 82432K, used 82432K [0x00000000eb580000, 0x00000000f4c00000, 0x0000000100000000)
  eden space 35328K, 100% used [0x00000000eb580000,0x00000000ed800000,0x00000000ed800000)
  from space 47104K, 100% used [0x00000000f1080000,0x00000000f3e80000,0x00000000f3e80000)
  to   space 57856K, 0% used [0x00000000ed800000,0x00000000ed800000,0x00000000f1080000)
 ParOldGen       total 166912K, used 92674K [0x00000000c2000000, 0x00000000cc300000, 0x00000000eb580000)
  object space 166912K, 55% used [0x00000000c2000000,0x00000000c7a80838,0x00000000cc300000)
 Metaspace       used 27651K, capacity 29384K, committed 29696K, reserved 1075200K
  class space    used 3745K, capacity 4042K, committed 4096K, reserved 1048576K
Event: 50.228 GC heap after
Heap after GC invocations=18 (full 3):
 PSYoungGen      total 93184K, used 57856K [0x00000000eb580000, 0x00000000f7580000, 0x0000000100000000)
  eden space 35328K, 0% used [0x00000000eb580000,0x00000000eb580000,0x00000000ed800000)
  from space 57856K, 100% used [0x00000000ed800000,0x00000000f1080000,0x00000000f1080000)
  to   space 76800K, 0% used [0x00000000f2a80000,0x00000000f2a80000,0x00000000f7580000)
 ParOldGen       total 166912K, used 117394K [0x00000000c2000000, 0x00000000cc300000, 0x00000000eb580000)
  object space 166912K, 70% used [0x00000000c2000000,0x00000000c92a4838,0x00000000cc300000)
 Metaspace       used 27651K, capacity 29384K, committed 29696K, reserved 1075200K
  class space    used 3745K, capacity 4042K, committed 4096K, reserved 1048576K
}
Event: 53.670 GC heap before
{Heap before GC invocations=19 (full 3):
 PSYoungGen      total 93184K, used 93184K [0x00000000eb580000, 0x00000000f7580000, 0x0000000100000000)
  eden space 35328K, 100% used [0x00000000eb580000,0x00000000ed800000,0x00000000ed800000)
  from space 57856K, 100% used [0x00000000ed800000,0x00000000f1080000,0x00000000f1080000)
  to   space 76800K, 0% used [0x00000000f2a80000,0x00000000f2a80000,0x00000000f7580000)
 ParOldGen       total 166912K, used 117394K [0x00000000c2000000, 0x00000000cc300000, 0x00000000eb580000)
  object space 166912K, 70% used [0x00000000c2000000,0x00000000c92a4838,0x00000000cc300000)
 Metaspace       used 27651K, capacity 29384K, committed 29696K, reserved 1075200K
  class space    used 3745K, capacity 4042K, committed 4096K, reserved 1048576K
Event: 56.214 GC heap after
Heap after GC invocations=19 (full 3):
 PSYoungGen      total 113664K, used 56608K [0x00000000eb580000, 0x00000000f8280000, 0x0000000100000000)
  eden space 36864K, 0% used [0x00000000eb580000,0x00000000eb580000,0x00000000ed980000)
  from space 76800K, 73% used [0x00000000f2a80000,0x00000000f61c8000,0x00000000f7580000)
  to   space 82944K, 0% used [0x00000000ed980000,0x00000000ed980000,0x00000000f2a80000)
 ParOldGen       total 166912K, used 154266K [0x00000000c2000000, 0x00000000cc300000, 0x00000000eb580000)
  object space 166912K, 92% used [0x00000000c2000000,0x00000000cb6a6838,0x00000000cc300000)
 Metaspace       used 27651K, capacity 29384K, committed 29696K, reserved 1075200K
  class space    used 3745K, capacity 4042K, committed 4096K, reserved 1048576K
}
Event: 56.214 GC heap before
{Heap before GC invocations=20 (full 4):
 PSYoungGen      total 113664K, used 56608K [0x00000000eb580000, 0x00000000f8280000, 0x0000000100000000)
  eden space 36864K, 0% used [0x00000000eb580000,0x00000000eb580000,0x00000000ed980000)
  from space 76800K, 73% used [0x00000000f2a80000,0x00000000f61c8000,0x00000000f7580000)
  to   space 82944K, 0% used [0x00000000ed980000,0x00000000ed980000,0x00000000f2a80000)
 ParOldGen       total 166912K, used 154266K [0x00000000c2000000, 0x00000000cc300000, 0x00000000eb580000)
  object space 166912K, 92% used [0x00000000c2000000,0x00000000cb6a6838,0x00000000cc300000)
 Metaspace       used 27651K, capacity 29384K, committed 29696K, reserved 1075200K
  class space    used 3745K, capacity 4042K, committed 4096K, reserved 1048576K
Event: 58.870 GC heap after
Heap after GC invocations=20 (full 4):
 PSYoungGen      total 113664K, used 43661K [0x00000000eb580000, 0x00000000f8280000, 0x0000000100000000)
  eden space 36864K, 0% used [0x00000000eb580000,0x00000000eb580000,0x00000000ed980000)
  from space 76800K, 56% used [0x00000000f2a80000,0x00000000f5523430,0x00000000f7580000)
  to   space 82944K, 0% used [0x00000000ed980000,0x00000000ed980000,0x00000000f2a80000)
 ParOldGen       total 286720K, used 166554K [0x00000000c2000000, 0x00000000d3800000, 0x00000000eb580000)
  object space 286720K, 58% used [0x00000000c2000000,0x00000000cc2a69e8,0x00000000d3800000)
 Metaspace       used 27651K, capacity 29384K, committed 29696K, reserved 1075200K
  class space    used 3745K, capacity 4042K, committed 4096K, reserved 1048576K
}

